Started by user admin
Running as SYSTEM
Building in workspace C:\Users\xmerk\.jenkins\workspace\addresbook_tests
The recommended git tool is: NONE
No credentials specified
 > git.exe rev-parse --resolve-git-dir C:\Users\xmerk\.jenkins\workspace\addresbook_tests\.git # timeout=10
Fetching changes from the remote Git repository
 > git.exe config remote.origin.url https://github.com/merk-ev/python_training # timeout=10
Fetching upstream changes from https://github.com/merk-ev/python_training
 > git.exe --version # timeout=10
 > git --version # 'git version 2.39.2.windows.1'
 > git.exe fetch --tags --force --progress -- https://github.com/merk-ev/python_training +refs/heads/*:refs/remotes/origin/* # timeout=10
 > git.exe rev-parse "refs/remotes/origin/main^{commit}" # timeout=10
Checking out Revision 7ce0f27519e356510fcd6bbcf3baa336dc50c5cf (refs/remotes/origin/main)
 > git.exe config core.sparsecheckout # timeout=10
 > git.exe checkout -f 7ce0f27519e356510fcd6bbcf3baa336dc50c5cf # timeout=10
Commit message: "requirements.txt"
First time build. Skipping changelog.
[addresbook_tests] $ cmd.exe /C "C:\Python39\python.exe C:\Users\xmerk\.jenkins\shiningpanda\jobs\2fd40cfe\virtualenv.py C:\Users\xmerk\.jenkins\shiningpanda\jobs\2fd40cfe\virtualenvs\d41d8cd9 && exit %%ERRORLEVEL%%"
C:\Users\xmerk\.jenkins\shiningpanda\jobs\2fd40cfe\virtualenv.py:1041: DeprecationWarning: the imp module is deprecated in favour of importlib; see the module's documentation for alternative uses
  import imp
PYTHONHOME is set.  You *must* activate the virtualenv before using it
Using base prefix 'C:\\Python39'
New python executable in C:\Users\xmerk\.jenkins\shiningpanda\jobs\2fd40cfe\virtualenvs\d41d8cd9\Scripts\python.exe
Installing setuptools, pip, wheel...done.
FATAL: Не могу создать скрипт
java.io.IOException: Failed to create a temp file on C:\Users\xmerk\.jenkins\workspace\addresbook_tests
	at hudson.FilePath.createTextTempFile(FilePath.java:1618)
	at jenkins.plugins.shiningpanda.command.Command.createScriptFile(Command.java:147)
	at jenkins.plugins.shiningpanda.command.Command.launch(Command.java:173)
	at jenkins.plugins.shiningpanda.utils.BuilderUtil.launch(BuilderUtil.java:221)
	at jenkins.plugins.shiningpanda.builders.VirtualenvBuilder.perform(VirtualenvBuilder.java:188)
	at hudson.tasks.BuildStepMonitor$1.perform(BuildStepMonitor.java:20)
	at hudson.model.AbstractBuild$AbstractBuildExecution.perform(AbstractBuild.java:818)
	at hudson.model.Build$BuildExecution.build(Build.java:199)
	at hudson.model.Build$BuildExecution.doRun(Build.java:164)
	at hudson.model.AbstractBuild$AbstractBuildExecution.run(AbstractBuild.java:526)
	at hudson.model.Run.execute(Run.java:1900)
	at hudson.model.FreeStyleBuild.run(FreeStyleBuild.java:44)
	at hudson.model.ResourceController.execute(ResourceController.java:107)
	at hudson.model.Executor.run(Executor.java:449)
Caused by: java.nio.charset.UnmappableCharacterException: Input length = 1
	at java.base/java.nio.charset.CoderResult.throwException(CoderResult.java:275)
	at java.base/sun.nio.cs.StreamEncoder.implWrite(StreamEncoder.java:307)
	at java.base/sun.nio.cs.StreamEncoder.implWrite(StreamEncoder.java:282)
	at java.base/sun.nio.cs.StreamEncoder.write(StreamEncoder.java:132)
	at java.base/java.io.OutputStreamWriter.write(OutputStreamWriter.java:205)
	at java.base/java.io.BufferedWriter.flushBuffer(BufferedWriter.java:120)
	at java.base/java.io.BufferedWriter.close(BufferedWriter.java:268)
	at hudson.FilePath$CreateTextTempFile.invoke(FilePath.java:1652)
	at hudson.FilePath$CreateTextTempFile.invoke(FilePath.java:1622)
	at hudson.FilePath.act(FilePath.java:1192)
	at hudson.FilePath.act(FilePath.java:1175)
	at hudson.FilePath.createTextTempFile(FilePath.java:1616)
	... 13 more
Build step 'Virtualenv Builder' marked build as failure
Finished: FAILURE
